# JRE version: OpenJDK Runtime Environment Temurin-17.0.4.1+1 (17.0.4.1+1) (build 17.0.4.1+1)
# Java VM: OpenJDK 64-Bit Server VM Temurin-17.0.4.1+1 (17.0.4.1+1, mixed mode, emulated-client, tiered, compressed oops, compressed class ptrs, g1 gc, windows-amd64)
GC Precious Log:
 CPUs: 8 total, 8 available
 Memory: 24267M
 Large Page Support: Disabled
 NUMA Support: Disabled
 Compressed Oops: Enabled (Zero based)
 Heap Region Size: 4M
 Heap Min Capacity: 8M
 Heap Initial Capacity: 380M
 Heap Max Capacity: 6068M
 Pre-touch: Disabled
 Parallel Workers: 8
 Concurrent Workers: 2
 Concurrent Refinement Workers: 8
 Periodic GC: Disabled
Heap:
 garbage-first heap   total 761856K, used 345332K [0x0000000684c00000, 0x0000000800000000)
  region size 4096K, 44 young (180224K), 14 survivors (57344K)
 Metaspace       used 43915K, committed 44288K, reserved 1089536K
  class space    used 5947K, committed 6144K, reserved 1048576K
GC Heap History (20 events):
Event: 14.302 GC heap before
{Heap before GC invocations=16 (full 0):
 garbage-first heap   total 532480K, used 374504K [0x0000000684c00000, 0x0000000800000000)
  region size 4096K, 78 young (319488K), 5 survivors (20480K)
 Metaspace       used 35928K, committed 36224K, reserved 1081344K
  class space    used 4661K, committed 4800K, reserved 1048576K
}
Event: 14.313 GC heap after
{Heap after GC invocations=17 (full 0):
 garbage-first heap   total 532480K, used 92174K [0x0000000684c00000, 0x0000000800000000)
  region size 4096K, 8 young (32768K), 8 survivors (32768K)
 Metaspace       used 35928K, committed 36224K, reserved 1081344K
  class space    used 4661K, committed 4800K, reserved 1048576K
}
Event: 14.394 GC heap before
{Heap before GC invocations=17 (full 0):
 garbage-first heap   total 532480K, used 374798K [0x0000000684c00000, 0x0000000800000000)
  region size 4096K, 78 young (319488K), 8 survivors (32768K)
 Metaspace       used 35928K, committed 36224K, reserved 1081344K
  class space    used 4661K, committed 4800K, reserved 1048576K
}
Event: 14.408 GC heap after
{Heap after GC invocations=18 (full 0):
 garbage-first heap   total 532480K, used 103337K [0x0000000684c00000, 0x0000000800000000)
  region size 4096K, 6 young (24576K), 6 survivors (24576K)
 Metaspace       used 35928K, committed 36224K, reserved 1081344K
  class space    used 4661K, committed 4800K, reserved 1048576K
}
Event: 14.501 GC heap before
{Heap before GC invocations=18 (full 0):
 garbage-first heap   total 532480K, used 394153K [0x0000000684c00000, 0x0000000800000000)
  region size 4096K, 78 young (319488K), 6 survivors (24576K)
 Metaspace       used 35928K, committed 36224K, reserved 1081344K
  class space    used 4661K, committed 4800K, reserved 1048576K
}
Event: 14.515 GC heap after
{Heap after GC invocations=19 (full 0):
 garbage-first heap   total 1064960K, used 120559K [0x0000000684c00000, 0x0000000800000000)
  region size 4096K, 7 young (28672K), 7 survivors (28672K)
 Metaspace       used 35928K, committed 36224K, reserved 1081344K
  class space    used 4661K, committed 4800K, reserved 1048576K
}
Event: 14.592 GC heap before
{Heap before GC invocations=19 (full 0):
 garbage-first heap   total 1064960K, used 251631K [0x0000000684c00000, 0x0000000800000000)
  region size 4096K, 41 young (167936K), 7 survivors (28672K)
 Metaspace       used 36106K, committed 36416K, reserved 1081344K
  class space    used 4694K, committed 4864K, reserved 1048576K
}
Event: 14.602 GC heap after
{Heap after GC invocations=20 (full 0):
 garbage-first heap   total 1064960K, used 128605K [0x0000000684c00000, 0x0000000800000000)
  region size 4096K, 9 young (36864K), 9 survivors (36864K)
 Metaspace       used 36106K, committed 36416K, reserved 1081344K
  class space    used 4694K, committed 4864K, reserved 1048576K
}
Event: 15.313 GC heap before
{Heap before GC invocations=21 (full 0):
 garbage-first heap   total 479232K, used 374365K [0x0000000684c00000, 0x0000000800000000)
  region size 4096K, 70 young (286720K), 9 survivors (36864K)
 Metaspace       used 38689K, committed 38976K, reserved 1089536K
  class space    used 4885K, committed 4992K, reserved 1048576K
}
Event: 15.326 GC heap after
{Heap after GC invocations=22 (full 0):
 garbage-first heap   total 479232K, used 143413K [0x0000000684c00000, 0x0000000800000000)
  region size 4096K, 6 young (24576K), 6 survivors (24576K)
 Metaspace       used 38689K, committed 38976K, reserved 1089536K
  class space    used 4885K, committed 4992K, reserved 1048576K
}
Event: 15.603 GC heap before
{Heap before GC invocations=22 (full 0):
 garbage-first heap   total 479232K, used 376885K [0x0000000684c00000, 0x0000000800000000)
  region size 4096K, 64 young (262144K), 6 survivors (24576K)
 Metaspace       used 39362K, committed 39808K, reserved 1089536K
  class space    used 4980K, committed 5184K, reserved 1048576K
}
Event: 15.617 GC heap after
{Heap after GC invocations=23 (full 0):
 garbage-first heap   total 479232K, used 154566K [0x0000000684c00000, 0x0000000800000000)
  region size 4096K, 7 young (28672K), 7 survivors (28672K)
 Metaspace       used 39362K, committed 39808K, reserved 1089536K
  class space    used 4980K, committed 5184K, reserved 1048576K
}
Event: 16.015 GC heap before
{Heap before GC invocations=23 (full 0):
 garbage-first heap   total 479232K, used 379846K [0x0000000684c00000, 0x0000000800000000)
  region size 4096K, 63 young (258048K), 7 survivors (28672K)
 Metaspace       used 39362K, committed 39808K, reserved 1089536K
  class space    used 4980K, committed 5184K, reserved 1048576K
}
Event: 16.031 GC heap after
{Heap after GC invocations=24 (full 0):
 garbage-first heap   total 479232K, used 167382K [0x0000000684c00000, 0x0000000800000000)
  region size 4096K, 7 young (28672K), 7 survivors (28672K)
 Metaspace       used 39362K, committed 39808K, reserved 1089536K
  class space    used 4980K, committed 5184K, reserved 1048576K
}
Event: 16.256 GC heap before
{Heap before GC invocations=24 (full 0):
 garbage-first heap   total 479232K, used 380374K [0x0000000684c00000, 0x0000000800000000)
  region size 4096K, 60 young (245760K), 7 survivors (28672K)
 Metaspace       used 39362K, committed 39808K, reserved 1089536K
  class space    used 4980K, committed 5184K, reserved 1048576K
}
Event: 16.268 GC heap after
{Heap after GC invocations=25 (full 0):
 garbage-first heap   total 761856K, used 176201K [0x0000000684c00000, 0x0000000800000000)
  region size 4096K, 6 young (24576K), 6 survivors (24576K)
 Metaspace       used 39362K, committed 39808K, reserved 1089536K
  class space    used 4980K, committed 5184K, reserved 1048576K
}
Event: 16.706 GC heap before
{Heap before GC invocations=25 (full 0):
 garbage-first heap   total 761856K, used 602185K [0x0000000684c00000, 0x0000000800000000)
  region size 4096K, 111 young (454656K), 6 survivors (24576K)
 Metaspace       used 39362K, committed 39808K, reserved 1089536K
  class space    used 4980K, committed 5184K, reserved 1048576K
}
Event: 16.721 GC heap after
{Heap after GC invocations=26 (full 0):
 garbage-first heap   total 761856K, used 198122K [0x0000000684c00000, 0x0000000800000000)
  region size 4096K, 11 young (45056K), 11 survivors (45056K)
 Metaspace       used 39362K, committed 39808K, reserved 1089536K
  class space    used 4980K, committed 5184K, reserved 1048576K
}
Event: 17.096 GC heap before
{Heap before GC invocations=26 (full 0):
 garbage-first heap   total 761856K, used 603626K [0x0000000684c00000, 0x0000000800000000)
  region size 4096K, 111 young (454656K), 11 survivors (45056K)
 Metaspace       used 39399K, committed 39808K, reserved 1089536K
  class space    used 4983K, committed 5184K, reserved 1048576K
}
Event: 17.117 GC heap after
{Heap after GC invocations=27 (full 0):
 garbage-first heap   total 761856K, used 230644K [0x0000000684c00000, 0x0000000800000000)
  region size 4096K, 14 young (57344K), 14 survivors (57344K)
 Metaspace       used 39399K, committed 39808K, reserved 1089536K
  class space    used 4983K, committed 5184K, reserved 1048576K
}

